[debug] [2023-01-02T11:22:25.713Z] ----------------------------------------------------------------------
[debug] [2023-01-02T11:22:25.718Z] Command:       C:\Program Files\nodejs\node.exe C:\Users\HP\AppData\Roaming\npm\node_modules\firebase-tools\lib\bin\firebase.js init
[debug] [2023-01-02T11:22:25.719Z] CLI Version:   11.19.0
[debug] [2023-01-02T11:22:25.719Z] Platform:      win32
[debug] [2023-01-02T11:22:25.719Z] Node Version:  v16.15.1
[debug] [2023-01-02T11:22:25.721Z] Time:          Mon Jan 02 2023 12:22:25 GMT+0100 (West Africa Standard Time)
[debug] [2023-01-02T11:22:25.722Z] ----------------------------------------------------------------------
[debug] 
[debug] [2023-01-02T11:22:25.727Z] >>> [apiv2][query] GET https://firebase-public.firebaseio.com/cli.json [none]
[debug] [2023-01-02T11:22:25.772Z] > command requires scopes: ["email","openid","https://www.googleapis.com/auth/cloudplatformprojects.readonly","https://www.googleapis.com/auth/firebase","https://www.googleapis.com/auth/cloud-platform"]
[debug] [2023-01-02T11:22:25.773Z] > authorizing via signed-in user (howfar70@gmail.com)
[info] 
     ######## #### ########  ######## ########     ###     ######  ########
     ##        ##  ##     ## ##       ##     ##  ##   ##  ##       ##
     ######    ##  ########  ######   ########  #########  ######  ######
     ##        ##  ##    ##  ##       ##     ## ##     ##       ## ##
     ##       #### ##     ## ######## ########  ##     ##  ######  ########

You're about to initialize a Firebase project in this directory:

  C:\Users\HP\AndroidStudioProjects\HF\HowFar

[debug] [2023-01-02T11:22:32.578Z] <<< [apiv2][status] GET https://firebase-public.firebaseio.com/cli.json 200
[debug] [2023-01-02T11:22:32.580Z] <<< [apiv2][body] GET https://firebase-public.firebaseio.com/cli.json {"cloudBuildErrorAfter":1594252800000,"cloudBuildWarnAfter":1590019200000,"defaultNode10After":1594252800000,"minVersion":"3.0.5","node8DeploysDisabledAfter":1613390400000,"node8RuntimeDisabledAfter":1615809600000,"node8WarnAfter":1600128000000}
